<?xml version="1.0" encoding="UTF-8"?>
<coverage generated="1619459799">
  <project timestamp="1619459799">
    <file name="/home/vagrant/fmc.home/laravel-sproutsocials-api/src/Facades/SproutsocialsApi.php">
      <class name="ThinkOne\LaravelSproutsocialsApi\Facades\SproutsocialsApi" namespace="global">
        <metrics complexity="1" methods="1" coveredmethods="1" conditionals="0" coveredconditionals="0" statements="1" coveredstatements="1" elements="2" coveredelements="2"/>
      </class>
      <line num="20" type="method" name="getFacadeAccessor" visibility="protected" complexity="1" crap="1" count="10"/>
      <line num="22" type="stmt" count="10"/>
      <metrics loc="24" ncloc="14" classes="1" methods="1" coveredmethods="1" conditionals="0" coveredconditionals="0" statements="1" coveredstatements="1" elements="2" coveredelements="2"/>
    </file>
    <file name="/home/vagrant/fmc.home/laravel-sproutsocials-api/src/NotSetCustomerException.php">
      <class name="ThinkOne\LaravelSproutsocialsApi\NotSetCustomerException" namespace="global">
        <metrics complexity="0" methods="0" coveredmethods="0" conditionals="0" coveredconditionals="0" statements="0" coveredstatements="0" elements="0" coveredelements="0"/>
      </class>
      <metrics loc="7" ncloc="7" classes="0" methods="0" coveredmethods="0" conditionals="0" coveredconditionals="0" statements="0" coveredstatements="0" elements="0" coveredelements="0"/>
    </file>
    <file name="/home/vagrant/fmc.home/laravel-sproutsocials-api/src/RequestGroups/AbstractRequestGroup.php">
      <class name="ThinkOne\LaravelSproutsocialsApi\RequestGroups\AbstractRequestGroup" namespace="global">
        <metrics complexity="6" methods="3" coveredmethods="3" conditionals="0" coveredconditionals="0" statements="8" coveredstatements="8" elements="11" coveredelements="11"/>
      </class>
      <line num="15" type="method" name="__construct" visibility="public" complexity="1" crap="1" count="5"/>
      <line num="17" type="stmt" count="5"/>
      <line num="18" type="stmt" count="5"/>
      <line num="24" type="method" name="apiClient" visibility="public" complexity="1" crap="1" count="1"/>
      <line num="26" type="stmt" count="1"/>
      <line num="36" type="method" name="customerId" visibility="public" complexity="4" crap="4" count="3"/>
      <line num="38" type="stmt" count="3"/>
      <line num="39" type="stmt" count="1"/>
      <line num="42" type="stmt" count="3"/>
      <line num="43" type="stmt" count="2"/>
      <line num="46" type="stmt" count="1"/>
      <metrics loc="48" ncloc="33" classes="1" methods="3" coveredmethods="3" conditionals="0" coveredconditionals="0" statements="8" coveredstatements="8" elements="11" coveredelements="11"/>
    </file>
    <file name="/home/vagrant/fmc.home/laravel-sproutsocials-api/src/RequestGroups/Analytics.php">
      <class name="ThinkOne\LaravelSproutsocialsApi\RequestGroups\Analytics" namespace="global">
        <metrics complexity="2" methods="2" coveredmethods="2" conditionals="0" coveredconditionals="0" statements="2" coveredstatements="2" elements="4" coveredelements="4"/>
      </class>
      <line num="7" type="method" name="getProfiles" visibility="public" complexity="1" crap="1" count="1"/>
      <line num="9" type="stmt" count="1"/>
      <line num="12" type="method" name="getPosts" visibility="public" complexity="1" crap="1" count="1"/>
      <line num="14" type="stmt" count="1"/>
      <metrics loc="16" ncloc="16" classes="1" methods="2" coveredmethods="2" conditionals="0" coveredconditionals="0" statements="2" coveredstatements="2" elements="4" coveredelements="4"/>
    </file>
    <file name="/home/vagrant/fmc.home/laravel-sproutsocials-api/src/RequestGroups/Metadata.php">
      <class name="ThinkOne\LaravelSproutsocialsApi\RequestGroups\Metadata" namespace="global">
        <metrics complexity="4" methods="4" coveredmethods="4" conditionals="0" coveredconditionals="0" statements="4" coveredstatements="4" elements="8" coveredelements="8"/>
      </class>
      <line num="13" type="method" name="getClient" visibility="public" complexity="1" crap="1" count="1"/>
      <line num="15" type="stmt" count="1"/>
      <line num="18" type="method" name="getCustomers" visibility="public" complexity="1" crap="1" count="1"/>
      <line num="20" type="stmt" count="1"/>
      <line num="23" type="method" name="getTags" visibility="public" complexity="1" crap="1" count="1"/>
      <line num="25" type="stmt" count="1"/>
      <line num="28" type="method" name="getGroups" visibility="public" complexity="1" crap="1" count="1"/>
      <line num="30" type="stmt" count="1"/>
      <metrics loc="32" ncloc="27" classes="1" methods="4" coveredmethods="4" conditionals="0" coveredconditionals="0" statements="4" coveredstatements="4" elements="8" coveredelements="8"/>
    </file>
    <file name="/home/vagrant/fmc.home/laravel-sproutsocials-api/src/ServiceProvider.php">
      <class name="ThinkOne\LaravelSproutsocialsApi\ServiceProvider" namespace="global">
        <metrics complexity="3" methods="0" coveredmethods="0" conditionals="0" coveredconditionals="0" statements="0" coveredstatements="0" elements="0" coveredelements="0"/>
      </class>
      <metrics loc="32" ncloc="24" classes="0" methods="0" coveredmethods="0" conditionals="0" coveredconditionals="0" statements="0" coveredstatements="0" elements="0" coveredelements="0"/>
    </file>
    <file name="/home/vagrant/fmc.home/laravel-sproutsocials-api/src/SproutsocialsApi.php">
      <class name="ThinkOne\LaravelSproutsocialsApi\SproutsocialsApi" namespace="global">
        <metrics complexity="18" methods="13" coveredmethods="13" conditionals="0" coveredconditionals="0" statements="34" coveredstatements="34" elements="47" coveredelements="47"/>
      </class>
      <line num="44" type="method" name="__construct" visibility="public" complexity="2" crap="2" count="10"/>
      <line num="46" type="stmt" count="10"/>
      <line num="48" type="stmt" count="10"/>
      <line num="49" type="stmt" count="9"/>
      <line num="52" type="stmt" count="10"/>
      <line num="53" type="stmt" count="10"/>
      <line num="54" type="stmt" count="10"/>
      <line num="55" type="stmt" count="10"/>
      <line num="61" type="method" name="instance" visibility="public" complexity="1" crap="1" count="1"/>
      <line num="63" type="stmt" count="1"/>
      <line num="70" type="method" name="client" visibility="public" complexity="1" crap="1" count="1"/>
      <line num="72" type="stmt" count="1"/>
      <line num="80" type="method" name="endpointGroup" visibility="public" complexity="1" crap="1" count="5"/>
      <line num="82" type="stmt" count="5"/>
      <line num="93" type="method" name="get" visibility="public" complexity="1" crap="1" count="3"/>
      <line num="95" type="stmt" count="3"/>
      <line num="107" type="method" name="head" visibility="public" complexity="1" crap="1" count="1"/>
      <line num="109" type="stmt" count="1"/>
      <line num="120" type="method" name="post" visibility="public" complexity="1" crap="1" count="2"/>
      <line num="122" type="stmt" count="2"/>
      <line num="133" type="method" name="patch" visibility="public" complexity="1" crap="1" count="1"/>
      <line num="135" type="stmt" count="1"/>
      <line num="146" type="method" name="put" visibility="public" complexity="1" crap="1" count="1"/>
      <line num="148" type="stmt" count="1"/>
      <line num="159" type="method" name="delete" visibility="public" complexity="1" crap="1" count="1"/>
      <line num="161" type="stmt" count="1"/>
      <line num="172" type="method" name="call" visibility="protected" complexity="3" crap="3" count="4"/>
      <line num="174" type="stmt" count="4"/>
      <line num="175" type="stmt" count="4"/>
      <line num="176" type="stmt" count="4"/>
      <line num="179" type="stmt" count="4"/>
      <line num="180" type="stmt" count="4"/>
      <line num="182" type="stmt" count="4"/>
      <line num="183" type="stmt" count="3"/>
      <line num="186" type="stmt" count="1"/>
      <line num="194" type="method" name="defaultCustomerId" visibility="public" complexity="2" crap="2" count="5"/>
      <line num="196" type="stmt" count="5"/>
      <line num="197" type="stmt" count="1"/>
      <line num="200" type="stmt" count="4"/>
      <line num="207" type="method" name="defaultPostMetrics" visibility="public" complexity="2" crap="2" count="1"/>
      <line num="209" type="stmt" count="1"/>
      <line num="210" type="stmt" count="1"/>
      <line num="211" type="stmt" count="1"/>
      <line num="212" type="stmt" count="1"/>
      <line num="213" type="stmt" count="1"/>
      <line num="214" type="stmt" count="1"/>
      <line num="218" type="stmt" count="1"/>
      <metrics loc="220" ncloc="122" classes="1" methods="13" coveredmethods="13" conditionals="0" coveredconditionals="0" statements="34" coveredstatements="34" elements="47" coveredelements="47"/>
    </file>
    <file name="/home/vagrant/fmc.home/laravel-sproutsocials-api/src/SproutsocialsApiException.php">
      <class name="ThinkOne\LaravelSproutsocialsApi\SproutsocialsApiException" namespace="global">
        <metrics complexity="6" methods="5" coveredmethods="5" conditionals="0" coveredconditionals="0" statements="10" coveredstatements="10" elements="15" coveredelements="15"/>
      </class>
      <line num="12" type="method" name="__construct" visibility="public" complexity="2" crap="2" count="2"/>
      <line num="14" type="stmt" count="2"/>
      <line num="15" type="stmt" count="2"/>
      <line num="16" type="stmt" count="2"/>
      <line num="17" type="stmt" count="2"/>
      <line num="20" type="stmt" count="2"/>
      <line num="21" type="stmt" count="2"/>
      <line num="27" type="method" name="getResponse" visibility="public" complexity="1" crap="1" count="1"/>
      <line num="29" type="stmt" count="1"/>
      <line num="35" type="method" name="getResponseUUID" visibility="public" complexity="1" crap="1" count="2"/>
      <line num="37" type="stmt" count="2"/>
      <line num="43" type="method" name="getResponseServerVersion" visibility="public" complexity="1" crap="1" count="2"/>
      <line num="45" type="stmt" count="2"/>
      <line num="51" type="method" name="getResponseApiVersion" visibility="public" complexity="1" crap="1" count="2"/>
      <line num="53" type="stmt" count="2"/>
      <metrics loc="55" ncloc="43" classes="1" methods="5" coveredmethods="5" conditionals="0" coveredconditionals="0" statements="10" coveredstatements="10" elements="15" coveredelements="15"/>
    </file>
    <metrics files="8" loc="434" ncloc="286" classes="6" methods="28" coveredmethods="28" conditionals="0" coveredconditionals="0" statements="59" coveredstatements="59" elements="87" coveredelements="87"/>
  </project>
</coverage>
